<?xml version="1.0" encoding="UTF-8"?>
<!-- Generated by org.testng.reporters.JUnitReportReporter -->
<testsuite hostname="WorkBeast" failures="0" tests="3" name="comComcastContactTest.CreateContact_Test" time="79.656" errors="0" timestamp="2024-08-29T17:13:55 IST" skipped="0">
  <testcase classname="comComcastContactTest.CreateContact_Test" name="createContactWithOrg" time="38.149"/>
  <testcase classname="comComcastContactTest.CreateContact_Test" name="createContactWithSupportDate_Test" time="19.948"/>
  <testcase classname="comComcastContactTest.CreateContact_Test" name="createContact_Test" time="21.559"/>
</testsuite> <!-- comComcastContactTest.CreateContact_Test -->
